  [LOCK] Cleared stale lock file

============================================
  GSD V3 - Feature Update
  Scope: all new
============================================
  Current: 607/1160 satisfied (52%)

============================================
  GSD V3 Pipeline - feature_update
============================================
  Max iterations: 20 | Batch size: 5 | Budget: $25
  Phases: cache-warm -> spec-gate -> research -> plan -> execute-skeleton -> execute-fill -> local-validate -> review -> verify -> spec-fix
  [COST] Resumed from checkpoint: $0.5052 spent
  Notifications: ntfy.sh topic = 
  Subscribe: https://ntfy.sh/

--- Pre-flight ---
    [OK] npx (npx for running local tools)
    [OK] node (Node.js for TypeScript/React projects)
    [OK] dotnet (.NET build/test)
    [OK] npm (npm for package management)
  [OK] Pre-flight passed (8 checks)

--- File Inventory ---
  [INVENTORY] Scanning repository...
  [INVENTORY] Found 7643 files across 15 directories
     : 1739 files
    .bat : 6 files
    .cs : 491 files
    .csproj : 7 files
    .css : 14 files
    .dotnetuserlevelcache : 6 files
    .html : 266 files
    .js : 9 files
    .json : 83 files
    .jsonl : 6 files
    .log : 628 files
    .md : 1709 files
    .meta : 8 files
    .mjs : 8 files
    .png : 7 files
    .prompt : 35 files
    .ps1 : 44 files
    .sh : 18 files
    .sql : 205 files
    .stderr : 608 files
    .stdout : 35 files
    .trn : 9 files
    .ts : 241 files
    .tsx : 797 files
    .txt : 622 files

--- Building Cache Prefix ---
  [BASELINE] Snapshot: 1160 requirements

--- Phase 0: Cache Warm ---
  [CACHE] Writing cache prefix...
  [CACHE] Warm-up complete (v1)

--- Phase 1: Spec Gate ---
  Status: pass | Clarity: 82

========================================
  ITERATION 1 / 20
========================================
  Batch: 5 requirements

  --- Research ---

  --- Plan ---
    [PLAN] Research truncated: 10752 -> 8000 chars
    [PLAN] MaxTokens: 24096 for 5 requirements

  --- Execute: Skeleton ---
