**********************
PowerShell transcript start
Start time: 20260326073221
Username: TECHNIJIAN\rjain
RunAs User: TECHNIJIAN\rjain
Configuration Name: 
Machine: TE-DC-VDITEC-03 (Microsoft Windows NT 10.0.26100.0)
Host Application: C:\Program Files\PowerShell\7\pwsh.dll -File D:\vscode\gsd-autonomous-dev\gsd-autonomous-dev\v3\scripts\gsd-existing.ps1 -RepoRoot D:\vscode\tech-web-chatai.v8\tech-web-chatai.v8
Process ID: 2244
PSVersion: 7.5.5
PSEdition: Core
GitCommitId: 7.5.5
OS: Microsoft Windows 10.0.26100
Platform: Win32NT
PSCompatibleVersions: 1.0, 2.0, 3.0, 4.0, 5.0, 5.1, 6.0, 7.0
PSRemotingProtocolVersion: 2.3
SerializationVersion: 1.1.0.1
WSManStackVersion: 3.0
**********************
  [LOG] Central: C:\Users\rjain\.gsd-global\logs\tech-web-chatai.v8
  [LOG] Run: run-2026-03-26_073221 | Global iteration: 28

============================================
  GSD V3 - Existing Codebase Verification
  Repo: D:\vscode\tech-web-chatai.v8\tech-web-chatai.v8
  Log: D:\vscode\gsd-autonomous-dev\gsd-autonomous-dev\v3\..\logs\v3-pipeline-2026-03-26_073221.log
  DeepVerify: True | SkipSpecGate: False
  Global iter: 28
============================================

--- Pre-flight ---
    [OK] dotnet (.NET build/test)
    [OK] npm (npm for package management)
    [OK] npx (npx for running local tools)
    [OK] node (Node.js for TypeScript/React projects)
  [OK] Pre-flight passed (8 checks)

--- File Inventory ---
  [INVENTORY] Scanning repository...
  [INVENTORY] Found 10709 files across 22 directories
     : 1740 files
    .bat : 6 files
    .cs : 1192 files
    .csproj : 10 files
    .css : 17 files
    .dotnetuserlevelcache : 6 files
    .example : 9 files
    .html : 10 files
    .js : 19 files
    .json : 128 files
    .jsonl : 6 files
    .log : 633 files
    .md : 1868 files
    .meta : 8 files
    .mjs : 11 files
    .prompt : 35 files
    .ps1 : 135 files
    .sh : 28 files
    .sql : 1352 files
    .stderr : 608 files
    .stdout : 35 files
    .trn : 9 files
    .ts : 936 files
    .tsx : 1217 files
    .txt : 622 files

--- Building Cache Prefix ---
  Spec context: 52365 chars
  Blueprint context: 3951 chars
  [COST] Resumed from checkpoint: $27.2532 spent

--- Cache Warm ---
  [CACHE] Writing cache prefix...
    [DEBUG] cache-warm: Starting JSON serialization...
    [DEBUG] cache-warm: JSON done in 0.0s, body size: 59868 chars
    [DEBUG] cache-warm: Attempt 1/4 - Starting API job (timeout: 300s)...
    [DEBUG] cache-warm: Job completed (state: Completed). Receiving output...
    [DEBUG] cache-warm: API response received.
  [CACHE] Warm-up complete (v1)

--- Spec Gate (existing codebase, extended) ---
PS>TerminatingError(Join-Path): "Cannot bind argument to parameter 'Path' because it is null."
>> TerminatingError(Join-Path): "Cannot bind argument to parameter 'Path' because it is null."
>> TerminatingError(gsd-existing.ps1): "Cannot bind argument to parameter 'Path' because it is null."
Cannot bind argument to parameter 'Path' because it is null.
gsd-existing.ps1: Cannot bind argument to parameter 'Path' because it is null.
**********************
PowerShell transcript end
End time: 20260326073302
**********************
