**********************
PowerShell transcript start
Start time: 20260319133802
Username: TECHNIJIAN\rjain
RunAs User: TECHNIJIAN\rjain
Configuration Name: 
Machine: TE-DC-VDITEC-03 (Microsoft Windows NT 10.0.26100.0)
Host Application: C:\Program Files\PowerShell\7\pwsh.dll -NoExit -Command Set-Location D:\vscode\gsd-autonomous-dev\gsd-autonomous-dev; & .\v3\scripts\gsd-update.ps1 -RepoRoot D:\vscode\tech-web-myhr\tech-web-myhr
Process ID: 36024
PSVersion: 7.5.4
PSEdition: Core
GitCommitId: 7.5.4
OS: Microsoft Windows 10.0.26100
Platform: Win32NT
PSCompatibleVersions: 1.0, 2.0, 3.0, 4.0, 5.0, 5.1, 6.0, 7.0
PSRemotingProtocolVersion: 2.3
SerializationVersion: 1.1.0.1
WSManStackVersion: 3.0
**********************
  [LOG] Central: C:\Users\rjain\.gsd-global\logs\tech-web-myhr
  [LOG] Run: run-2026-03-19_133802 | Global iteration: 23
  [LOCK] Cleared stale lock file

============================================
  GSD V3 - Feature Update
  Scope: all new
============================================
  Current: 823/905 satisfied (91%)

============================================
  GSD V3 Pipeline - feature_update
============================================
  Max iterations: 50 | Batch size: 15 | Budget: $400
  Phases: cache-warm -> spec-gate -> research -> plan -> execute-skeleton -> execute-fill -> local-validate -> review -> verify -> spec-fix
  [COST] Resumed from checkpoint: $19.3544 spent
  Notifications: ntfy.sh topic =
  Subscribe: https://ntfy.sh/

--- Pre-flight ---
    [OK] npx (npx for running local tools)
    [OK] npm (npm for package management)
    [OK] dotnet (.NET build/test)
    [OK] node (Node.js for TypeScript/React projects)
  [OK] Pre-flight passed (8 checks)

--- File Inventory ---
  [INVENTORY] Scanning repository...
  [INVENTORY] Found 1922 files across 10 directories
    .cs : 340 files
    .csproj : 8 files
    .css : 9 files
    .csv : 8 files
    .html : 6 files
    .js : 6 files
    .json : 47 files
    .md : 392 files
    .mermaid : 9 files
    .ps1 : 10 files
    .sh : 6 files
    .sql : 298 files
    .ts : 167 files
    .tsx : 598 files

--- Building Cache Prefix ---
  [DEBUG] Building spec context...
  [DEBUG] Spec context: 68042 chars
  [DEBUG] Building blueprint context...
  [DEBUG] Blueprint context: 3423 chars
  [BASELINE] Snapshot: 905 requirements

--- Phase 0: Cache Warm ---
  [CACHE] Writing cache prefix...
    [DEBUG] cache-warm: Starting JSON serialization...
    [DEBUG] cache-warm: JSON done in 0.0s, body size: 75916 chars
    [DEBUG] cache-warm: Attempt 1/4 - Starting API job (timeout: 300s)...
    [DEBUG] cache-warm: Job completed (state: Completed). Receiving output...
    [DEBUG] cache-warm: API response received.
  [CACHE] Warm-up complete (v1)

--- Phase 1: Spec Gate ---
    [DEBUG] spec-gate: Starting JSON serialization...
    [DEBUG] spec-gate: JSON done in 0.0s, body size: 77153 chars
    [DEBUG] spec-gate: Attempt 1/4 - Starting API job (timeout: 300s)...
    [DEBUG] spec-gate: Job completed (state: Completed). Receiving output...
    [DEBUG] spec-gate: API response received.
  Status: warn | Clarity: 72

--- Phase 1c: Figma Requirement Derivation ---
  [FIGMA-DERIVE] Scanning for Figma analysis files...
  [FIGMA-DERIVE] Found 1 analysis directories
  [FIGMA-DERIVE] Processing interface: WEB (D:\vscode\tech-web-myhr\tech-web-myhr\design\web\v2\src\_analysis)
    Screens: 49
    Components: 4
    Design system: 4
    Routes: 66
    API endpoints: 32
  [FIGMA-DERIVE] Derived 155 total requirements
  [FIGMA-DERIVE] All 155 derived requirements already exist in matrix
  [FIGMA-DERIVE] Report saved to: D:\vscode\tech-web-myhr\tech-web-myhr\.gsd\figma\figma-requirements-report.json
  [FIGMA] All Figma requirements already in matrix (0 new)

========================================
  ITERATION 1 / 50  (Global #23)
========================================
  [BATCH] Intelligent: 15 reqs from 4 interfaces
  Batch: 15 requirements

  --- Research ---
    [RESEARCH] MaxTokens: 16000 for 15 requirements
    [DEBUG] research: Starting JSON serialization...
    [DEBUG] research: JSON done in 0.0s, body size: 87894 chars
    [DEBUG] research: Attempt 1/4 - Starting API job (timeout: 300s)...
    [DEBUG] research: Job completed (state: Completed). Receiving output...
    [DEBUG] research: API response received.
    [BUDGET] Skipping decomposition of FIGMA-WEB-SCR-046-backend-2 -- depth 4 >= max 4
    [BUDGET] Skipping decomposition of FIGMA-WEB-SCR-041-backend-2 -- depth 4 >= max 4
  [PRE-DECOMPOSE] 12 reqs flagged for decomposition (previously truncated)
    [BUDGET] Skipping pre-decompose of FIGMA-WEB-SCR-041-frontend-frontend -- depth 4 >= max 4
    [BUDGET] Skipping pre-decompose of FIGMA-WEB-SCR-035-backend-frontend -- depth 4 >= max 4
    [BUDGET] Skipping pre-decompose of FIGMA-WEB-SCR-029-frontend-HOOKS -- depth 4 >= max 4
    [BUDGET] Skipping pre-decompose of FIGMA-WEB-SCR-029-frontend-PAGE -- depth 4 >= max 4
    [BUDGET] Skipping pre-decompose of FIGMA-WEB-SCR-022-PAGE-PAGE -- depth 4 >= max 4
    [BUDGET] Skipping pre-decompose of FIGMA-WEB-SCR-046-backend-2 -- depth 4 >= max 4
    [BUDGET] Skipping pre-decompose of FIGMA-WEB-RTE-042-backend-2 -- depth 4 >= max 4
    [BUDGET] Skipping pre-decompose of FIGMA-WEB-SCR-041-backend-2 -- depth 4 >= max 4
    [BUDGET] Skipping pre-decompose of FIGMA-WEB-SCR-047-frontend-backend -- depth 4 >= max 4
    [BUDGET] Skipping pre-decompose of FIGMA-WEB-SCR-042-frontend-backend -- depth 4 >= max 4
    [BUDGET] Skipping pre-decompose of FIGMA-WEB-SCR-041-frontend-backend -- depth 4 >= max 4
    [SUB] FIGMA-WEB-SCR-043-1-backend -- backend
    [SUB] FIGMA-WEB-SCR-043-1-frontend -- frontend
  [PRE-DECOMPOSE] Added 2 sub-reqs, removed 12 truncated parents from batch

  --- Plan ---
    [PLAN] Research truncated: 18154 -> 16000 chars
    [PLAN] MaxTokens: 16096 for 3 requirements
    [DEBUG] plan: Starting JSON serialization...
    [DEBUG] plan: JSON done in 0.0s, body size: 102988 chars
    [DEBUG] plan: Attempt 1/4 - Starting API job (timeout: 300s)...
    [DEBUG] plan: Job completed (state: Completed). Receiving output...
    [DEBUG] plan: API response received.

  --- Execute: Skeleton ---
    [PRE-FILTER] Skipping src/Client/src/hooks/usePromotionDetail.ts -- existing real implementation
    [PRE-FILTER] Skipping src/Client/src/pages/PromotionDetailPage.tsx -- existing real implementation
    [PRE-FILTER] Skipping src/Client/src/pages/admin/CourseEditorPage.tsx -- existing real implementation
    [OK] FIGMA-WEB-RTE-043-frontend (3489 tokens)
