
============================================
  GSD V3 - Feature Update
  Scope: all new
============================================
  Current: 1607/1916 satisfied (84%)

============================================
  GSD V3 Pipeline - feature_update
============================================
  Max iterations: 50 | Batch size: 10 | Budget: $200
  Phases: cache-warm -> spec-gate -> research -> plan -> execute-skeleton -> execute-fill -> local-validate -> review -> verify -> spec-fix
  [COST] Resumed from checkpoint: $45.9428 spent
  Notifications: ntfy.sh topic = 
  Subscribe: https://ntfy.sh/

--- Pre-flight ---
    [OK] dotnet (.NET build/test)
    [OK] npx (npx for running local tools)
    [OK] node (Node.js for TypeScript/React projects)
    [OK] npm (npm for package management)
  [OK] Pre-flight passed (8 checks)

--- File Inventory ---
  [INVENTORY] Scanning repository...
