**********************
PowerShell transcript start
Start time: 20260311212648
Username: TECHNIJIAN\rjain
RunAs User: TECHNIJIAN\rjain
Configuration Name: 
Machine: TE-DC-VDITEC-03 (Microsoft Windows NT 10.0.26100.0)
Host Application: C:\Program Files\PowerShell\7\pwsh.dll -NoProfile -File D:/vscode/gsd-autonomous-dev/gsd-autonomous-dev/v3/scripts/gsd-update.ps1 -RepoRoot D:/vscode/tech-web-chatai.v8/tech-web-chatai.v8
Process ID: 8996
PSVersion: 7.5.4
PSEdition: Core
GitCommitId: 7.5.4
OS: Microsoft Windows 10.0.26100
Platform: Win32NT
PSCompatibleVersions: 1.0, 2.0, 3.0, 4.0, 5.0, 5.1, 6.0, 7.0
PSRemotingProtocolVersion: 2.3
SerializationVersion: 1.1.0.1
WSManStackVersion: 3.0
**********************

============================================
  GSD V3 - Feature Update
  Scope: all new
============================================
  Current: 618/1160 satisfied (53%)

============================================
  GSD V3 Pipeline - feature_update
============================================
  Max iterations: 50 | Batch size: 10 | Budget: $100
  Phases: cache-warm -> spec-gate -> research -> plan -> execute-skeleton -> execute-fill -> local-validate -> review -> verify -> spec-fix
  [COST] Resumed from checkpoint: $13.7207 spent
  Notifications: ntfy.sh topic =
  Subscribe: https://ntfy.sh/

--- Pre-flight ---
    [OK] npm (npm for package management)
    [OK] npx (npx for running local tools)
    [OK] node (Node.js for TypeScript/React projects)
    [OK] dotnet (.NET build/test)
  [OK] Pre-flight passed (8 checks)

--- File Inventory ---
  [INVENTORY] Scanning repository...
  [INVENTORY] Found 8205 files across 15 directories
     : 1739 files
    .bat : 6 files
    .cs : 717 files
    .csproj : 9 files
    .css : 14 files
    .dotnetuserlevelcache : 6 files
    .example : 6 files
    .html : 266 files
    .js : 9 files
    .json : 86 files
    .jsonl : 6 files
    .log : 628 files
    .md : 1735 files
    .meta : 8 files
    .mjs : 8 files
    .png : 7 files
    .prompt : 35 files
    .ps1 : 46 files
    .sh : 18 files
    .sql : 330 files
    .stderr : 608 files
    .stdout : 35 files
    .trn : 9 files
    .ts : 386 files
    .tsx : 821 files
    .txt : 622 files

--- Building Cache Prefix ---
  [BASELINE] Snapshot: 1160 requirements

--- Phase 0: Cache Warm ---
  [CACHE] Writing cache prefix...
  [CACHE] Warm-up complete (v1)

--- Phase 1: Spec Gate ---
  Status: pass | Clarity: 82

========================================
  ITERATION 1 / 50
========================================
  Batch: 10 requirements

  --- Research ---
    [RESEARCH] MaxTokens: 15000 for 10 requirements

  --- Plan ---
    [PLAN] MaxTokens: 44096 for 10 requirements

  --- Execute: Skeleton ---
    [OK] CL-003 (2392 tokens)
    [OK] CL-007 (1284 tokens)
    [OK] CL-020 (2085 tokens)
    [OK] CL-025 (1317 tokens)
    [OK] CL-026 (2023 tokens)
    [OK] CL-027 (1672 tokens)
    [OK] CL-028 (1977 tokens)
    [OK] CL-029 (3438 tokens)
