**********************
PowerShell transcript start
Start time: 20260312092435
Username: TECHNIJIAN\rjain
RunAs User: TECHNIJIAN\rjain
Configuration Name: 
Machine: TE-DC-VDITEC-03 (Microsoft Windows NT 10.0.26100.0)
Host Application: C:\Program Files\PowerShell\7\pwsh.dll -NoExit -File D:\vscode\gsd-autonomous-dev\gsd-autonomous-dev\v3\scripts\gsd-update.ps1 -RepoRoot D:\vscode\tech-web-chatai.v8\tech-web-chatai.v8 -NtfyTopic gsd-rjain-tech-web-chatai-v8
Process ID: 14724
PSVersion: 7.5.4
PSEdition: Core
GitCommitId: 7.5.4
OS: Microsoft Windows 10.0.26100
Platform: Win32NT
PSCompatibleVersions: 1.0, 2.0, 3.0, 4.0, 5.0, 5.1, 6.0, 7.0
PSRemotingProtocolVersion: 2.3
SerializationVersion: 1.1.0.1
WSManStackVersion: 3.0
**********************
  [LOCK] Cleared stale lock file

============================================
  GSD V3 - Feature Update
  Scope: all new
============================================
  Current: 651/1208 satisfied (54%)

============================================
  GSD V3 Pipeline - feature_update
============================================
  Max iterations: 50 | Batch size: 10 | Budget: $100
  Phases: cache-warm -> spec-gate -> research -> plan -> execute-skeleton -> execute-fill -> local-validate -> review -> verify -> spec-fix
  [COST] Resumed from checkpoint: $19.7817 spent
  Notifications: ntfy.sh topic =
  Subscribe: https://ntfy.sh/

--- Pre-flight ---
    [OK] node (Node.js for TypeScript/React projects)
    [OK] dotnet (.NET build/test)
    [OK] npx (npx for running local tools)
    [OK] npm (npm for package management)
  [OK] Pre-flight passed (8 checks)

--- File Inventory ---
  [INVENTORY] Scanning repository...
  [INVENTORY] Found 8562 files across 15 directories
     : 1739 files
    .bat : 6 files
    .cs : 844 files
    .csproj : 9 files
    .css : 14 files
    .dotnetuserlevelcache : 6 files
    .example : 6 files
    .html : 266 files
    .js : 9 files
    .json : 90 files
    .jsonl : 6 files
    .log : 628 files
    .md : 1758 files
    .meta : 8 files
    .mjs : 8 files
    .png : 7 files
    .prompt : 35 files
    .ps1 : 58 files
    .sh : 19 files
    .sql : 448 files
    .stderr : 608 files
    .stdout : 35 files
    .trn : 9 files
    .ts : 452 files
    .tsx : 826 files
    .txt : 622 files

--- Building Cache Prefix ---
  [BASELINE] Snapshot: 1208 requirements

--- Phase 0: Cache Warm ---
  [CACHE] Writing cache prefix...
  [CACHE] Warm-up complete (v1)

--- Phase 1: Spec Gate ---
  Status: pass | Clarity: 82

========================================
  ITERATION 1 / 50
========================================
  Batch: 10 requirements

  --- Research ---
    [RESEARCH] MaxTokens: 15000 for 10 requirements
