**********************
Windows PowerShell transcript start
Start time: 20260316193829
Username: TECHNIJIAN\rjain
RunAs User: TECHNIJIAN\rjain
Configuration Name: 
Machine: TE-DC-VDITEC-03 (Microsoft Windows NT 10.0.26100.0)
Host Application: C:\Windows\System32\WindowsPowerShell\v1.0\powershell.exe -NoExit -NoProfile -Command Set-Location D:\vscode\gsd-autonomous-dev\gsd-autonomous-dev; & D:\vscode\gsd-autonomous-dev\gsd-autonomous-dev\v3\scripts\gsd-blueprint.ps1 -RepoRoot D:\vscode\tech-web-mytest\tech-web-mytest
Process ID: 27676
PSVersion: 5.1.26100.7920
PSEdition: Desktop
PSCompatibleVersions: 1.0, 2.0, 3.0, 4.0, 5.0, 5.1.26100.7920
BuildVersion: 10.0.26100.7920
CLRVersion: 4.0.30319.42000
WSManStackVersion: 3.0
PSRemotingProtocolVersion: 2.3
SerializationVersion: 1.1.0.1
**********************

============================================
  GSD V3 - Greenfield Blueprint
  Repo: D:\vscode\tech-web-mytest\tech-web-mytest
  Log: D:\vscode\gsd-autonomous-dev\gsd-autonomous-dev\v3\..\logs\v3-pipeline-2026-03-16_193829.log
  Global iter: 1
============================================

============================================
  GSD V3 Pipeline - greenfield
============================================
  Max iterations: 25 | Batch size: 15 | Budget: $50.00
  Phases: cache-warm -> spec-gate -> research -> plan -> execute-skeleton -> execute-fill -> local-validate -> review -> verify -> spec-fix
  Notifications: ntfy.sh topic =
  Subscribe: https://ntfy.sh/

--- Pre-flight ---
    [OK] npx (npx for running local tools)
    [OK] node (Node.js for TypeScript/React projects)
    [OK] dotnet (.NET build/test)
    [OK] npm (npm for package management)
  [OK] Pre-flight passed (7 checks)

--- File Inventory ---
  [INVENTORY] Scanning repository...
