**********************
Windows PowerShell transcript start
Start time: 20260316193351
Username: TECHNIJIAN\rjain
RunAs User: TECHNIJIAN\rjain
Configuration Name: 
Machine: TE-DC-VDITEC-03 (Microsoft Windows NT 10.0.26100.0)
Host Application: C:\Windows\System32\WindowsPowerShell\v1.0\powershell.exe -NoExit -NoProfile -Command Set-Location D:\vscode\gsd-autonomous-dev\gsd-autonomous-dev; & D:\vscode\gsd-autonomous-dev\gsd-autonomous-dev\v3\scripts\gsd-blueprint.ps1 -RepoRoot D:\vscode\tech-web-mytest\tech-web-mytest
Process ID: 16268
PSVersion: 5.1.26100.7920
PSEdition: Desktop
PSCompatibleVersions: 1.0, 2.0, 3.0, 4.0, 5.0, 5.1.26100.7920
BuildVersion: 10.0.26100.7920
CLRVersion: 4.0.30319.42000
WSManStackVersion: 3.0
PSRemotingProtocolVersion: 2.3
SerializationVersion: 1.1.0.1
**********************

============================================
  GSD V3 - Greenfield Blueprint
  Repo: D:\vscode\tech-web-mytest\tech-web-mytest
  Log: D:\vscode\gsd-autonomous-dev\gsd-autonomous-dev\v3\..\logs\v3-pipeline-2026-03-16_193351.log
  Global iter: 1
============================================

============================================
  GSD V3 Pipeline - greenfield
============================================
  Max iterations: 25 | Batch size: 15 | Budget: $50.00
  Phases: cache-warm -> spec-gate -> research -> plan -> execute-skeleton -> execute-fill -> local-validate -> review -> verify -> spec-fix
  Notifications: ntfy.sh topic =
  Subscribe: https://ntfy.sh/

--- Pre-flight ---
    [OK] npx (npx for running local tools)
    [OK] node (Node.js for TypeScript/React projects)
    [OK] dotnet (.NET build/test)
    [OK] npm (npm for package management)
  [OK] Pre-flight passed (7 checks)

--- File Inventory ---
  [INVENTORY] Scanning repository...
  [INVENTORY] Found 1253 files across 7 directories
     : 8 files
    .config : 6 files
    .cs : 263 files
    .csproj : 9 files
    .css : 9 files
    .html : 7 files
    .json : 46 files
    .log : 7 files
    .md : 341 files
    .ps1 : 19 files
    .sql : 55 files
    .ts : 69 files
    .tsx : 375 files

--- Building Cache Prefix ---
  [DEBUG] Building spec context...
  [DEBUG] Spec context: 24308 chars
  [DEBUG] Building blueprint context...
  [DEBUG] Blueprint context: 3346 chars

--- Phase 0: Cache Warm ---
  [CACHE] Writing cache prefix...
    [DEBUG] cache-warm: Starting JSON serialization...
    [DEBUG] cache-warm: JSON done in 0.1s, body size: 31477 chars
    [DEBUG] cache-warm: Attempt 1/4 - Starting API job (timeout: 300s)...
    [DEBUG] cache-warm: Job completed (state: Completed). Receiving output...
    [DEBUG] cache-warm: API response received.
  [CACHE] Warm-up complete (v1)

--- Phase 1: Spec Gate ---
    [DEBUG] spec-gate: Starting JSON serialization...
    [DEBUG] spec-gate: JSON done in 0.0s, body size: 35261 chars
    [DEBUG] spec-gate: Attempt 1/4 - Starting API job (timeout: 300s)...
