**********************
PowerShell transcript start
Start time: 20260316185304
Username: TECHNIJIAN\rjain
RunAs User: TECHNIJIAN\rjain
Configuration Name: 
Machine: TE-DC-VDITEC-03 (Microsoft Windows NT 10.0.26100.0)
Host Application: C:\Program Files\PowerShell\7\pwsh.dll -NoExit -Command Set-Location D:\vscode\gsd-autonomous-dev\gsd-autonomous-dev; & D:\vscode\gsd-autonomous-dev\gsd-autonomous-dev\v3\scripts\gsd-blueprint.ps1 -RepoRoot D:\vscode\tech-web-mytest\tech-web-mytest
Process ID: 28068
PSVersion: 7.5.4
PSEdition: Core
GitCommitId: 7.5.4
OS: Microsoft Windows 10.0.26100
Platform: Win32NT
PSCompatibleVersions: 1.0, 2.0, 3.0, 4.0, 5.0, 5.1, 6.0, 7.0
PSRemotingProtocolVersion: 2.3
SerializationVersion: 1.1.0.1
WSManStackVersion: 3.0
**********************

============================================
  GSD V3 - Greenfield Blueprint
  Repo: D:\vscode\tech-web-mytest\tech-web-mytest
  Log: D:\vscode\gsd-autonomous-dev\gsd-autonomous-dev\v3\..\logs\v3-pipeline-2026-03-16_185304.log
  Global iter: 1
============================================

============================================
  GSD V3 Pipeline - greenfield
============================================
  Max iterations: 25 | Batch size: 15 | Budget: $50
  Phases: cache-warm -> spec-gate -> research -> plan -> execute-skeleton -> execute-fill -> local-validate -> review -> verify -> spec-fix
  Notifications: ntfy.sh topic =
  Subscribe: https://ntfy.sh/

--- Pre-flight ---
    [OK] npm (npm for package management)
    [OK] npx (npx for running local tools)
    [OK] node (Node.js for TypeScript/React projects)
    [OK] dotnet (.NET build/test)

  [XX] Pre-flight FAILED:
    - No lock file: Another pipeline is running (locked 3.98710226166667min ago). Wait or remove D:\vscode\tech-web-mytest\tech-web-mytest\.gsd\.gsd-lock.json

  Blueprint stopped: preflight_failed
**********************
PowerShell transcript end
End time: 20260316185307
**********************
