**********************
PowerShell transcript start
Start time: 20260312190446
Username: TECHNIJIAN\rjain
RunAs User: TECHNIJIAN\rjain
Configuration Name: 
Machine: TE-DC-VDITEC-03 (Microsoft Windows NT 10.0.26100.0)
Host Application: C:\Program Files\PowerShell\7\pwsh.dll -NoExit -File D:\vscode\gsd-autonomous-dev\gsd-autonomous-dev\v3\scripts\gsd-update.ps1 -RepoRoot D:\vscode\tech-web-chatai.v8\tech-web-chatai.v8
Process ID: 4872
PSVersion: 7.5.4
PSEdition: Core
GitCommitId: 7.5.4
OS: Microsoft Windows 10.0.26100
Platform: Win32NT
PSCompatibleVersions: 1.0, 2.0, 3.0, 4.0, 5.0, 5.1, 6.0, 7.0
PSRemotingProtocolVersion: 2.3
SerializationVersion: 1.1.0.1
WSManStackVersion: 3.0
**********************

============================================
  GSD V3 - Feature Update
  Scope: all new
============================================
  Current: 1306/1591 satisfied (82%)

============================================
  GSD V3 Pipeline - feature_update
============================================
  Max iterations: 50 | Batch size: 10 | Budget: $200
  Phases: cache-warm -> spec-gate -> research -> plan -> execute-skeleton -> execute-fill -> local-validate -> review -> verify -> spec-fix
  [COST] Resumed from checkpoint: $33.0765 spent
  Notifications: ntfy.sh topic =
  Subscribe: https://ntfy.sh/

--- Pre-flight ---
    [OK] dotnet (.NET build/test)
    [OK] node (Node.js for TypeScript/React projects)
    [OK] npx (npx for running local tools)
    [OK] npm (npm for package management)
  [OK] Pre-flight passed (8 checks)

--- File Inventory ---
  [INVENTORY] Scanning repository...
  [INVENTORY] Found 8759 files across 15 directories
     : 1739 files
    .bat : 6 files
    .cs : 869 files
    .csproj : 9 files
    .css : 15 files
    .dotnetuserlevelcache : 6 files
    .example : 6 files
    .html : 266 files
    .js : 9 files
    .json : 95 files
    .jsonl : 6 files
    .log : 628 files
    .md : 1775 files
    .meta : 8 files
    .mjs : 8 files
    .png : 7 files
    .prompt : 35 files
    .ps1 : 83 files
    .sh : 24 files
    .sql : 484 files
    .stderr : 608 files
    .stdout : 35 files
    .trn : 9 files
    .ts : 472 files
    .tsx : 886 files
    .txt : 622 files

--- Building Cache Prefix ---
  [BASELINE] Snapshot: 1591 requirements

--- Phase 0: Cache Warm ---
  [CACHE] Writing cache prefix...
  [CACHE] Warm-up complete (v1)

--- Phase 1: Spec Gate ---
  Status: pass | Clarity: 87

========================================
  ITERATION 1 / 50
========================================
  Batch: 10 requirements

  --- Research ---
    [RESEARCH] MaxTokens: 15000 for 10 requirements
  [RESEARCH-DECOMPOSE] Split 1 large reqs into 2 sub-reqs
    Parent: CL-169-3-a-1-1-1
  [RESEARCH-DECOMPOSE] Batch now has 13 reqs (replaced parents with sub-reqs for same-iteration processing)

  --- Plan ---
    [PLAN] MaxTokens: 56096 for 13 requirements
