**********************
PowerShell transcript start
Start time: 20260316183841
Username: TECHNIJIAN\rjain
RunAs User: TECHNIJIAN\rjain
Configuration Name: 
Machine: TE-DC-VDITEC-03 (Microsoft Windows NT 10.0.26100.0)
Host Application: C:\Program Files\PowerShell\7\pwsh.dll -NoExit -Command Set-Location D:\vscode\gsd-autonomous-dev\gsd-autonomous-dev; & D:\vscode\gsd-autonomous-dev\gsd-autonomous-dev\v3\scripts\gsd-blueprint.ps1 -RepoRoot D:\vscode\tech-web-mytest\tech-web-mytest
Process ID: 27164
PSVersion: 7.5.4
PSEdition: Core
GitCommitId: 7.5.4
OS: Microsoft Windows 10.0.26100
Platform: Win32NT
PSCompatibleVersions: 1.0, 2.0, 3.0, 4.0, 5.0, 5.1, 6.0, 7.0
PSRemotingProtocolVersion: 2.3
SerializationVersion: 1.1.0.1
WSManStackVersion: 3.0
**********************

============================================
  GSD V3 - Greenfield Blueprint
  Repo: D:\vscode\tech-web-mytest\tech-web-mytest
  Log: D:\vscode\gsd-autonomous-dev\gsd-autonomous-dev\v3\..\logs\v3-pipeline-2026-03-16_183841.log
  Global iter: 1
============================================

============================================
  GSD V3 Pipeline - greenfield
============================================
  Max iterations: 25 | Batch size: 15 | Budget: $50
  Phases: cache-warm -> spec-gate -> research -> plan -> execute-skeleton -> execute-fill -> local-validate -> review -> verify -> spec-fix
  [COST] Resumed from checkpoint: $0.0963 spent
  Notifications: ntfy.sh topic =
  Subscribe: https://ntfy.sh/

--- Pre-flight ---
    [OK] npx (npx for running local tools)
    [OK] node (Node.js for TypeScript/React projects)
    [OK] dotnet (.NET build/test)
    [OK] npm (npm for package management)
  [OK] Pre-flight passed (7 checks)

--- File Inventory ---
  [INVENTORY] Scanning repository...
  [INVENTORY] Found 1245 files across 7 directories
     : 8 files
    .config : 6 files
    .cs : 260 files
    .csproj : 9 files
    .css : 9 files
    .html : 7 files
    .json : 46 files
    .log : 7 files
    .md : 341 files
    .ps1 : 19 files
    .sql : 55 files
    .ts : 66 files
    .tsx : 373 files

--- Building Cache Prefix ---
  [DEBUG] Building spec context...
  [DEBUG] Spec context: 24080 chars
  [DEBUG] Building blueprint context...
  [DEBUG] Blueprint context: 3346 chars

--- Phase 0: Cache Warm ---
  [CACHE] Writing cache prefix...
    [DEBUG] cache-warm: Starting JSON serialization...
    [DEBUG] cache-warm: JSON done in 0.0s, body size: 31081 chars
    [DEBUG] cache-warm: Attempt 1/4 - Starting API job (timeout: 300s)...
    [DEBUG] cache-warm: Job completed (state: Completed). Receiving output...
    [DEBUG] cache-warm: API response received.
  [CACHE] Warm-up complete (v1)

--- Phase 1: Spec Gate ---
    [DEBUG] spec-gate: Starting JSON serialization...
    [DEBUG] spec-gate: JSON done in 0.0s, body size: 33752 chars
    [DEBUG] spec-gate: Attempt 1/4 - Starting API job (timeout: 300s)...
    [DEBUG] spec-gate: Job completed (state: Completed). Receiving output...
    [DEBUG] spec-gate: API response received.
    [WARN] spec-gate: Output truncated (max_tokens). Increase MaxTokens or reduce input.
PS>TerminatingError(ConvertFrom-Json): "Conversion from JSON failed with error: Unterminated string. Expected delimiter: ". Path 'requirements_derived[4].acceptance_criteria[0]', line 228, position 50."
    [ERROR] JSON parse failed for spec-gate: Conversion from JSON failed with error: Unterminated string. Expected delimiter: ". Path 'requirements_derived[4].acceptance_criteria[0]', line 228, position 50.
    [ERROR] This is likely because output was truncated (stop_reason=max_tokens)

========================================
  ITERATION 1 / 25  (Global #1)
========================================
  No remaining requirements. Converged!

============================================
  Pipeline greenfield CONVERGED
  Duration: 1.5m | Cost: $0.17
============================================

  Blueprint complete! Cost: $0.17
**********************
PowerShell transcript end
End time: 20260316184014
**********************
