**********************
Windows PowerShell transcript start
Start time: 20260313174642
Username: TECHNIJIAN\rjain
RunAs User: TECHNIJIAN\rjain
Configuration Name: 
Machine: TE-DC-VDITEC-03 (Microsoft Windows NT 10.0.26100.0)
Host Application: C:\Windows\System32\WindowsPowerShell\v1.0\powershell.exe -NoExit -NoProfile -File D:\vscode\gsd-autonomous-dev\gsd-autonomous-dev\v3\scripts\gsd-update.ps1 -RepoRoot D:\vscode\tech-web-chatai.v8\tech-web-chatai.v8 -StartIteration 23
Process ID: 18080
PSVersion: 5.1.26100.7920
PSEdition: Desktop
PSCompatibleVersions: 1.0, 2.0, 3.0, 4.0, 5.0, 5.1.26100.7920
BuildVersion: 10.0.26100.7920
CLRVersion: 4.0.30319.42000
WSManStackVersion: 3.0
PSRemotingProtocolVersion: 2.3
SerializationVersion: 1.1.0.1
**********************

============================================
  GSD V3 - Feature Update
  Scope: all new
============================================
  Current: 1863/2203 satisfied (85%)

============================================
  GSD V3 Pipeline - feature_update
============================================
  Max iterations: 50 | Batch size: 10 | Budget: $200.00
  Phases: cache-warm -> spec-gate -> research -> plan -> execute-skeleton -> execute-fill -> local-validate -> review -> verify -> spec-fix
  [COST] Resumed from checkpoint: $55.8709 spent
  Notifications: ntfy.sh topic =
  Subscribe: https://ntfy.sh/

--- Pre-flight ---
    [OK] npx (npx for running local tools)
    [OK] node (Node.js for TypeScript/React projects)
    [OK] dotnet (.NET build/test)
    [OK] npm (npm for package management)
  [OK] Pre-flight passed (8 checks)

--- File Inventory ---
  [INVENTORY] Scanning repository...
