**********************
PowerShell transcript start
Start time: 20260311212233
Username: TECHNIJIAN\rjain
RunAs User: TECHNIJIAN\rjain
Configuration Name: 
Machine: TE-DC-VDITEC-03 (Microsoft Windows NT 10.0.26100.0)
Host Application: C:\Program Files\PowerShell\7\pwsh.dll -NoProfile -File D:/vscode/gsd-autonomous-dev/gsd-autonomous-dev/v3/scripts/gsd-update.ps1 -RepoRoot D:/vscode/tech-web-chatai.v8/tech-web-chatai.v8
Process ID: 21608
PSVersion: 7.5.4
PSEdition: Core
GitCommitId: 7.5.4
OS: Microsoft Windows 10.0.26100
Platform: Win32NT
PSCompatibleVersions: 1.0, 2.0, 3.0, 4.0, 5.0, 5.1, 6.0, 7.0
PSRemotingProtocolVersion: 2.3
SerializationVersion: 1.1.0.1
WSManStackVersion: 3.0
**********************
  [LOCK] Cleared stale lock file

============================================
  GSD V3 - Feature Update
  Scope: all new
============================================
PS>TerminatingError(): "The pipeline has been stopped."
>> TerminatingError(): "The pipeline has been stopped."
**********************
PowerShell transcript end
End time: 20260311212234
**********************
