**********************
PowerShell transcript start
Start time: 20260318092851
Username: TECHNIJIAN\rjain
RunAs User: TECHNIJIAN\rjain
Configuration Name: 
Machine: TE-DC-VDITEC-03 (Microsoft Windows NT 10.0.26100.0)
Host Application: C:\Program Files\PowerShell\7\pwsh.dll -File D:\vscode\gsd-autonomous-dev\gsd-autonomous-dev\v3\scripts\gsd-existing.ps1 -RepoRoot D:\vscode\tech-web-myhr\tech-web-myhr -StartIteration 1
Process ID: 25636
PSVersion: 7.5.4
PSEdition: Core
GitCommitId: 7.5.4
OS: Microsoft Windows 10.0.26100
Platform: Win32NT
PSCompatibleVersions: 1.0, 2.0, 3.0, 4.0, 5.0, 5.1, 6.0, 7.0
PSRemotingProtocolVersion: 2.3
SerializationVersion: 1.1.0.1
WSManStackVersion: 3.0
**********************
  [LOG] Central: C:\Users\rjain\.gsd-global\logs\tech-web-myhr
  [LOG] Run: run-2026-03-18_092851 | Global iteration: 3

============================================
  GSD V3 - Existing Codebase Verification
  Repo: D:\vscode\tech-web-myhr\tech-web-myhr
  Log: D:\vscode\gsd-autonomous-dev\gsd-autonomous-dev\v3\..\logs\v3-pipeline-2026-03-18_092851.log
  DeepVerify: True | SkipSpecGate: False
  Global iter: 3
============================================

--- Pre-flight ---
    [OK] node (Node.js for TypeScript/React projects)
    [OK] dotnet (.NET build/test)
    [OK] npx (npx for running local tools)
    [OK] npm (npm for package management)
  [OK] Pre-flight passed (8 checks)

--- File Inventory ---
  [INVENTORY] Scanning repository...
  [INVENTORY] Found 1676 files across 10 directories
    .cs : 248 files
    .csproj : 8 files
    .css : 9 files
    .csv : 8 files
    .html : 6 files
    .js : 6 files
    .json : 47 files
    .md : 392 files
    .mermaid : 9 files
    .ps1 : 10 files
    .sh : 6 files
    .sql : 208 files
    .ts : 146 files
    .tsx : 555 files

--- Building Cache Prefix ---
  Spec context: 64019 chars
  Blueprint context: 3423 chars
  [COST] Resumed from checkpoint: $1.7594 spent

--- Cache Warm ---
  [CACHE] Writing cache prefix...
    [DEBUG] cache-warm: Starting JSON serialization...
    [DEBUG] cache-warm: JSON done in 0.0s, body size: 71861 chars
    [DEBUG] cache-warm: Attempt 1/4 - Starting API job (timeout: 300s)...
    [DEBUG] cache-warm: Job completed (state: Completed). Receiving output...
    [DEBUG] cache-warm: API response received.
  [CACHE] Warm-up complete (v1)

--- Spec Gate (existing codebase, extended) ---
PS>TerminatingError(Join-Path): "Cannot bind argument to parameter 'Path' because it is null."
>> TerminatingError(Join-Path): "Cannot bind argument to parameter 'Path' because it is null."
>> TerminatingError(gsd-existing.ps1): "Cannot bind argument to parameter 'Path' because it is null."
Cannot bind argument to parameter 'Path' because it is null.
gsd-existing.ps1: Cannot bind argument to parameter 'Path' because it is null.
**********************
PowerShell transcript end
End time: 20260318092907
**********************
