**********************
PowerShell transcript start
Start time: 20260314205808
Username: TECHNIJIAN\rjain
RunAs User: TECHNIJIAN\rjain
Configuration Name: 
Machine: TE-DC-VDITEC-03 (Microsoft Windows NT 10.0.26100.0)
Host Application: C:\Program Files\PowerShell\7\pwsh.dll -File v3/scripts/gsd-update.ps1 -RepoRoot D:\vscode\tech-web-chatai.v8\tech-web-chatai.v8
Process ID: 3144
PSVersion: 7.5.4
PSEdition: Core
GitCommitId: 7.5.4
OS: Microsoft Windows 10.0.26100
Platform: Win32NT
PSCompatibleVersions: 1.0, 2.0, 3.0, 4.0, 5.0, 5.1, 6.0, 7.0
PSRemotingProtocolVersion: 2.3
SerializationVersion: 1.1.0.1
WSManStackVersion: 3.0
**********************
  [LOCK] Cleared stale lock file

============================================
  GSD V3 - Feature Update
  Scope: all new
============================================
  Current: 2890/3249 satisfied (89%)

============================================
  GSD V3 Pipeline - feature_update
============================================
  Max iterations: 50 | Batch size: 10 | Budget: $400
  Phases: cache-warm -> spec-gate -> research -> plan -> execute-skeleton -> execute-fill -> local-validate -> review -> verify -> spec-fix
  [COST] Resumed from checkpoint: $96.3346 spent
  Notifications: ntfy.sh topic =
  Subscribe: https://ntfy.sh/

--- Pre-flight ---
    [OK] node (Node.js for TypeScript/React projects)
    [OK] dotnet (.NET build/test)
    [OK] npm (npm for package management)
    [OK] npx (npx for running local tools)
  [OK] Pre-flight passed (8 checks)

--- File Inventory ---
  [INVENTORY] Scanning repository...
  [INVENTORY] Found 8850 files across 15 directories
     : 1739 files
    .bat : 6 files
    .cs : 919 files
    .csproj : 9 files
    .css : 13 files
    .dotnetuserlevelcache : 6 files
    .example : 6 files
    .html : 6 files
    .js : 6 files
    .json : 94 files
    .jsonl : 6 files
    .log : 628 files
    .md : 1794 files
    .meta : 8 files
    .mjs : 8 files
    .prompt : 35 files
    .ps1 : 98 files
    .sh : 26 files
    .sql : 667 files
    .stderr : 608 files
    .stdout : 35 files
    .trn : 9 files
    .ts : 550 files
    .tsx : 900 files
    .txt : 622 files

--- Building Cache Prefix ---
  [DEBUG] Building spec context...
  [DEBUG] Spec context: 42957 chars
  [DEBUG] Building blueprint context...
  [DEBUG] Blueprint context: 3763 chars
  [BASELINE] Snapshot: 3249 requirements

--- Phase 0: Cache Warm ---
  [CACHE] Writing cache prefix...
    [DEBUG] cache-warm: Starting JSON serialization...
    [DEBUG] cache-warm: JSON done in 0.0s, body size: 50187 chars
    [DEBUG] cache-warm: Attempt 1/4 - Starting API job (timeout: 300s)...
    [DEBUG] cache-warm: Job completed (state: Completed). Receiving output...
    [DEBUG] cache-warm: API response received.
  [CACHE] Warm-up complete (v1)

--- Phase 1: Spec Gate ---
    [DEBUG] spec-gate: Starting JSON serialization...
    [DEBUG] spec-gate: JSON done in 0.0s, body size: 51423 chars
    [DEBUG] spec-gate: Attempt 1/4 - Starting API job (timeout: 300s)...
    [DEBUG] spec-gate: Job completed (state: Completed). Receiving output...
    [DEBUG] spec-gate: API response received.
  Status: warn | Clarity: 82

========================================
  ITERATION 1 / 50
========================================
  Batch: 10 requirements

  --- Research ---
    [RESEARCH] MaxTokens: 15000 for 10 requirements
    [DEBUG] research: Starting JSON serialization...
    [DEBUG] research: JSON done in 0.0s, body size: 64130 chars
    [DEBUG] research: Attempt 1/4 - Starting API job (timeout: 300s)...
