**********************
PowerShell transcript start
Start time: 20260312013751
Username: TECHNIJIAN\rjain
RunAs User: TECHNIJIAN\rjain
Configuration Name: 
Machine: TE-DC-VDITEC-03 (Microsoft Windows NT 10.0.26100.0)
Host Application: C:\Program Files\PowerShell\7\pwsh.dll -NoExit -File D:\vscode\gsd-autonomous-dev\gsd-autonomous-dev\v3\scripts\gsd-update.ps1 -RepoRoot D:\vscode\tech-web-chatai.v8\tech-web-chatai.v8
Process ID: 10892
PSVersion: 7.5.4
PSEdition: Core
GitCommitId: 7.5.4
OS: Microsoft Windows 10.0.26100
Platform: Win32NT
PSCompatibleVersions: 1.0, 2.0, 3.0, 4.0, 5.0, 5.1, 6.0, 7.0
PSRemotingProtocolVersion: 2.3
SerializationVersion: 1.1.0.1
WSManStackVersion: 3.0
**********************
  [LOCK] Cleared stale lock file

============================================
  GSD V3 - Feature Update
  Scope: all new
============================================
  Current: 619/1160 satisfied (53%)

============================================
  GSD V3 Pipeline - feature_update
============================================
  Max iterations: 50 | Batch size: 10 | Budget: $100
  Phases: cache-warm -> spec-gate -> research -> plan -> execute-skeleton -> execute-fill -> local-validate -> review -> verify -> spec-fix
  [COST] Resumed from checkpoint: $17.8617 spent
  Notifications: ntfy.sh topic =
  Subscribe: https://ntfy.sh/

--- Pre-flight ---
    [OK] npx (npx for running local tools)
    [OK] npm (npm for package management)
    [OK] node (Node.js for TypeScript/React projects)
    [OK] dotnet (.NET build/test)
  [OK] Pre-flight passed (8 checks)

--- File Inventory ---
  [INVENTORY] Scanning repository...
  [INVENTORY] Found 8450 files across 15 directories
     : 1739 files
    .bat : 6 files
    .cs : 802 files
    .csproj : 9 files
    .css : 14 files
    .dotnetuserlevelcache : 6 files
    .example : 6 files
    .html : 266 files
    .js : 9 files
    .json : 87 files
    .jsonl : 6 files
    .log : 628 files
    .md : 1747 files
    .meta : 8 files
    .mjs : 8 files
    .png : 7 files
    .prompt : 35 files
    .ps1 : 46 files
    .sh : 18 files
    .sql : 431 files
    .stderr : 608 files
    .stdout : 35 files
    .trn : 9 files
    .ts : 428 files
    .tsx : 824 files
    .txt : 622 files

--- Building Cache Prefix ---
  [BASELINE] Snapshot: 1160 requirements

--- Phase 0: Cache Warm ---
  [CACHE] Writing cache prefix...
  [CACHE] Warm-up complete (v1)

--- Phase 1: Spec Gate ---
  Status: pass | Clarity: 82

========================================
  ITERATION 1 / 50
========================================
  Batch: 10 requirements

  --- Research ---
    [RESEARCH] MaxTokens: 15000 for 10 requirements

  --- Plan ---
    [PLAN] MaxTokens: 44096 for 10 requirements

  --- Execute: Skeleton ---
    [OK] CL-003 (3623 tokens)
    [OK] CL-007 (3785 tokens)
    [OK] CL-020 (1974 tokens)
    [OK] CL-025 (3422 tokens)
    [OK] CL-026 (4642 tokens)
    [OK] CL-027 (1361 tokens)
    [OK] CL-028 (2794 tokens)
    [OK] CL-029 (3490 tokens)
    [OK] CL-030 (8026 tokens)
    [OK] CL-031 (1100 tokens)
      [WRITE] .env.example
      [SKIP] src/web/src/config/env.ts -- existing file has real implementation, new content has FILL stubs
      [SKIP] src/web/vite.config.ts -- existing file has real implementation, new content has FILL stubs
      [WRITE] db/StoredProcedures/Retention/usp_Retention_EnforceChat.sql
      [WARN] db/StoredProcedures/Retention/usp_Retention_EnforceFiles.sql -- overwriting larger existing file (1396 -> 437 chars)
      [WRITE] db/StoredProcedures/Retention/usp_Retention_EnforceFiles.sql
      [WARN] db/StoredProcedures/Retention/usp_Retention_EnforceAuditLog.sql -- overwriting larger existing file (1083 -> 436 chars)
      [WRITE] db/StoredProcedures/Retention/usp_Retention_EnforceAuditLog.sql
      [WARN] db/StoredProcedures/Retention/usp_Retention_EnforceBilling.sql -- overwriting larger existing file (1759 -> 410 chars)
      [WRITE] db/StoredProcedures/Retention/usp_Retention_EnforceBilling.sql
      [REMAP] backend/Services/IRetentionService.cs -> src/Server/Technijian.Api/Services/IRetentionService.cs
      [WARN] src/Server/Technijian.Api/Services/IRetentionService.cs -- overwriting larger existing file (713 -> 601 chars)
      [WRITE] src/Server/Technijian.Api/Services/IRetentionService.cs
      [REMAP] backend/Services/RetentionService.cs -> src/Server/Technijian.Api/Services/RetentionService.cs
      [AUTO-FIX] Added 'using TCAI.Data' to src/Server/Technijian.Api/Services/RetentionService.cs
      [BLOCKED] src/Server/Technijian.Api/Services/RetentionService.cs -- conflicts with existing architecture (TCAI.Data pattern)
      [WRITE] db/Migrations/009_AddRetentionColumns.sql
      [REMAP] backend/Program.cs -> src/Server/Technijian.Api/Program.cs
      [BLOCKED] src/Server/Technijian.Api/Program.cs -- conflicts with existing architecture (TCAI.Data pattern)
      [REMAP] backend/Compliance/ComplianceConstants.cs -> src/Server/Technijian.Api/Compliance/ComplianceConstants.cs
      [WRITE] src/Server/Technijian.Api/Compliance/ComplianceConstants.cs
      [REMAP] backend/Compliance/IHipaaService.cs -> src/Server/Technijian.Api/Compliance/IHipaaService.cs
      [WRITE] src/Server/Technijian.Api/Compliance/IHipaaService.cs
      [REMAP] backend/Compliance/HipaaService.cs -> src/Server/Technijian.Api/Compliance/HipaaService.cs
      [WRITE] src/Server/Technijian.Api/Compliance/HipaaService.cs
      [REMAP] backend/Compliance/ICcpaService.cs -> src/Server/Technijian.Api/Compliance/ICcpaService.cs
      [WRITE] src/Server/Technijian.Api/Compliance/ICcpaService.cs
      [REMAP] backend/Compliance/CcpaService.cs -> src/Server/Technijian.Api/Compliance/CcpaService.cs
      [WRITE] src/Server/Technijian.Api/Compliance/CcpaService.cs
      [REMAP] backend/Compliance/DataResidencyService.cs -> src/Server/Technijian.Api/Compliance/DataResidencyService.cs
      [WRITE] src/Server/Technijian.Api/Compliance/DataResidencyService.cs
      [REMAP] backend/GDPR/GdprService.cs -> src/Server/Technijian.Api/GDPR/GdprService.cs
      [BLOCKED] src/Server/Technijian.Api/GDPR/GdprService.cs -- conflicts with existing architecture (TCAI.Data pattern)
      [REMAP] backend/Program.cs -> src/Server/Technijian.Api/Program.cs
      [BLOCKED] src/Server/Technijian.Api/Program.cs -- conflicts with existing architecture (TCAI.Data pattern)
      [SKIP] src/web/src/utils/apiLogger.ts -- existing file has real implementation, new content has FILL stubs
      [SKIP] src/web/src/api/client.ts -- existing file has real implementation, new content has FILL stubs
      [SKIP] vitest.config.ts -- existing file has real implementation, new content has FILL stubs
      [SKIP] playwright.config.ts -- existing file has real implementation, new content has FILL stubs
      [WRITE] src/web/src/tests/accessibility/a11y.setup.ts
      [WRITE] src/web/src/tests/accessibility/pages.a11y.spec.ts
      [WRITE] tests/backend/unit/Controllers/AuthControllerTests.cs
      [WRITE] tests/backend/integration/Api/AuthIntegrationTests.cs
      [WRITE] tests/backend/unit/Services/GdprServiceTests.cs
      [SKIP] tests/e2e/auth.spec.ts -- existing file has real implementation, new content has FILL stubs
      [SKIP] tests/e2e/chat.spec.ts -- existing file has real implementation, new content has FILL stubs
      [REMAP] backend/Security/IKeyVaultService.cs -> src/Server/Technijian.Api/Security/IKeyVaultService.cs
      [BLOCKED] src/Server/Technijian.Api/Security/IKeyVaultService.cs -- conflicts with existing architecture (TCAI.Data pattern)
      [REMAP] backend/Security/KeyVaultService.cs -> src/Server/Technijian.Api/Security/KeyVaultService.cs
      [BLOCKED] src/Server/Technijian.Api/Security/KeyVaultService.cs -- conflicts with existing architecture (TCAI.Data pattern)
      [REMAP] backend/Program.cs -> src/Server/Technijian.Api/Program.cs
      [BLOCKED] src/Server/Technijian.Api/Program.cs -- conflicts with existing architecture (TCAI.Data pattern)
      [REMAP] backend/Security/KeyVaultSecretNames.cs -> src/Server/Technijian.Api/Security/KeyVaultSecretNames.cs
      [WARN] src/Server/Technijian.Api/Security/KeyVaultSecretNames.cs -- overwriting larger existing file (3304 -> 537 chars)
      [WRITE] src/Server/Technijian.Api/Security/KeyVaultSecretNames.cs
      [WARN] src/web/package.json -- overwriting larger existing file (755 -> 572 chars)
      [WRITE] src/web/package.json
      [SKIP] src/web/src/lib/queryClient.ts -- existing file has real implementation, new content has FILL stubs
      [WRITE] src/web/src/store/index.ts
      [WRITE] src/web/src/main.tsx
      [WARN] src/web/src/lib/zodSchemas.ts -- overwriting larger existing file (2780 -> 772 chars)
      [WRITE] src/web/src/lib/zodSchemas.ts
      [REMAP] backend/Controllers/TcaiControllerBase.cs -> src/Server/Technijian.Api/Controllers/TcaiControllerBase.cs
      [PROTECTED] src/Server/Technijian.Api/Controllers/TcaiControllerBase.cs -- tracked interface/base class, skipping overwrite
      [REMAP] backend/Services/ITenantCacheService.cs -> src/Server/Technijian.Api/Services/ITenantCacheService.cs
      [BLOCKED] src/Server/Technijian.Api/Services/ITenantCacheService.cs -- conflicts with existing architecture (TCAI.Data pattern)
      [REMAP] backend/Services/TenantCacheService.cs -> src/Server/Technijian.Api/Services/TenantCacheService.cs
      [BLOCKED] src/Server/Technijian.Api/Services/TenantCacheService.cs -- conflicts with existing architecture (TCAI.Data pattern)
      [REMAP] backend/Services/ITenantFileStorageService.cs -> src/Server/Technijian.Api/Services/ITenantFileStorageService.cs
      [WRITE] src/Server/Technijian.Api/Services/ITenantFileStorageService.cs
      [REMAP] backend/Services/TenantFileStorageService.cs -> src/Server/Technijian.Api/Services/TenantFileStorageService.cs
      [WRITE] src/Server/Technijian.Api/Services/TenantFileStorageService.cs
      [REMAP] backend/Program.cs -> src/Server/Technijian.Api/Program.cs
      [BLOCKED] src/Server/Technijian.Api/Program.cs -- conflicts with existing architecture (TCAI.Data pattern)
      [REMAP] backend/Program.cs -> src/Server/Technijian.Api/Program.cs
      [AUTO-FIX] Added 'using TCAI.Data' to src/Server/Technijian.Api/Program.cs
      [BLOCKED] src/Server/Technijian.Api/Program.cs -- conflicts with existing architecture (TCAI.Data pattern)
      [REMAP] backend/Data/IDbConnectionFactory.cs -> src/Server/Technijian.Api/Data/IDbConnectionFactory.cs
      [AUTO-FIX] Added 'using TCAI.Data' to src/Server/Technijian.Api/Data/IDbConnectionFactory.cs
      [PROTECTED] src/Server/Technijian.Api/Data/IDbConnectionFactory.cs -- tracked interface/base class, skipping overwrite
      [REMAP] backend/Data/SqlConnectionFactory.cs -> src/Server/Technijian.Api/Data/SqlConnectionFactory.cs
      [AUTO-FIX] Added 'using TCAI.Data' to src/Server/Technijian.Api/Data/SqlConnectionFactory.cs
      [BLOCKED] src/Server/Technijian.Api/Data/SqlConnectionFactory.cs -- conflicts with existing architecture (TCAI.Data pattern)
      [REMAP] backend/Data/DapperRepositoryBase.cs -> src/Server/Technijian.Api/Data/DapperRepositoryBase.cs
      [AUTO-FIX] Added 'using TCAI.Data' to src/Server/Technijian.Api/Data/DapperRepositoryBase.cs
      [SKIP] src/Server/Technijian.Api/Data/DapperRepositoryBase.cs -- existing file has real implementation, new content has FILL stubs
      [REMAP] backend/Health/SqlHealthCheck.cs -> src/Server/Technijian.Api/Health/SqlHealthCheck.cs
      [AUTO-FIX] Added 'using TCAI.Data' to src/Server/Technijian.Api/Health/SqlHealthCheck.cs
      [WRITE] src/Server/Technijian.Api/Health/SqlHealthCheck.cs
      [WRITE] db/StoredProcedures/SoftDelete/usp_SoftDelete_Chat.sql
      [WRITE] db/StoredProcedures/SoftDelete/usp_SoftDelete_File.sql
      [WRITE] db/StoredProcedures/SoftDelete/usp_SoftDelete_UserProfile.sql
      [WRITE] db/StoredProcedures/SoftDelete/usp_HardDelete_Expired.sql
      [REMAP] backend/GDPR/GdprService.cs -> src/Server/Technijian.Api/GDPR/GdprService.cs
      [BLOCKED] src/Server/Technijian.Api/GDPR/GdprService.cs -- conflicts with existing architecture (TCAI.Data pattern)

  --- Execute: Fill ---
